<?xml version="1.0" encoding="UTF-8"?>
<!-- Generated by org.testng.reporters.JUnitReportReporter -->
<testsuite hostname="OVAL-L124" name="com.TestExecution.TestRunner" tests="1" failures="0" timestamp="18 Jun 2019 01:33:02 GMT" time="117.169" errors="0">
  <testcase name="StartExecution" time="117.169" classname="com.TestExecution.TestRunner"/>
</testsuite> <!-- com.TestExecution.TestRunner -->
