<?xml version="1.0" encoding="UTF-8"?>
<!-- Generated by org.testng.reporters.JUnitReportReporter -->
<testsuite name="com.TestExecution.HomePage" tests="2" time="55.604" ignored="1" failures="0" timestamp="26 Jun 2019 02:16:43 GMT" skipped="0" hostname="OVAL-L146" errors="0">
  <testcase name="print" time="0.374" classname="com.TestExecution.HomePage"/>
  <testcase name="companylogoexists" time="55.230" classname="com.TestExecution.HomePage"/>
  <testcase name="Firstexecution" classname="com.TestExecution.Baseclass">
    <skipped/>
  </testcase> <!-- Firstexecution -->
</testsuite> <!-- com.TestExecution.HomePage -->
