<?xml version="1.0" encoding="UTF-8"?>
<!-- Generated by org.testng.reporters.JUnitReportReporter -->
<testsuite hostname="OVAL-L124" name="com.TestExecution.LoginPage" tests="3" failures="0" timestamp="20 Jun 2019 06:25:52 GMT" time="111.792" errors="0">
  <testcase name="Wrongusername" time="43.176" classname="com.TestExecution.LoginPage"/>
  <testcase name="Wrongpassword" time="2.878" classname="com.TestExecution.LoginPage"/>
  <testcase name="StartExecution" time="65.738" classname="com.TestExecution.LoginPage"/>
</testsuite> <!-- com.TestExecution.LoginPage -->
