<?xml version="1.0" encoding="UTF-8"?>
<!-- Generated by org.testng.reporters.JUnitReportReporter -->
<testsuite name="com.TestExecution.HomePage" tests="3" time="58.584" ignored="0" failures="0" timestamp="18 Jul 2019 01:23:40 GMT" skipped="0" hostname="OVAL-L146" errors="0">
  <testcase name="menuclick" time="1.567" classname="com.TestExecution.HomePage"/>
  <testcase name="companylogoexists" time="56.318" classname="com.TestExecution.HomePage"/>
  <testcase name="DPbutton" time="0.699" classname="com.TestExecution.HomePage"/>
</testsuite> <!-- com.TestExecution.HomePage -->
