<?xml version="1.0" encoding="UTF-8"?>
<!-- Generated by org.testng.reporters.JUnitReportReporter -->
<testsuite hostname="OVAL-L124" name="com.TestExecution.HomePage" tests="1" failures="0" timestamp="20 Jun 2019 06:25:52 GMT" time="69.886" errors="0">
  <testcase name="companylogoexists" time="69.886" classname="com.TestExecution.HomePage"/>
</testsuite> <!-- com.TestExecution.HomePage -->
