<?xml version="1.0" encoding="UTF-8"?>
<!-- Generated by org.testng.reporters.JUnitReportReporter -->
<testsuite hostname="OVAL-L124" name="com.TestExecution.TestRunner" tests="1" failures="0" timestamp="10 Jun 2019 09:42:57 GMT" time="29.064" errors="0">
  <testcase name="StartExecution" time="29.064" classname="com.TestExecution.TestRunner"/>
</testsuite> <!-- com.TestExecution.TestRunner -->
