<?xml version="1.0" encoding="UTF-8"?>
<!-- Generated by org.testng.reporters.JUnitReportReporter -->
<testsuite name="com.TestExecution.LoginPage" tests="3" time="54.405" ignored="1" failures="0" timestamp="26 Jun 2019 02:16:43 GMT" skipped="0" hostname="OVAL-L146" errors="0">
  <testcase name="StartExecution" time="23.758" classname="com.TestExecution.LoginPage"/>
  <testcase name="Wrongusername" time="29.732" classname="com.TestExecution.LoginPage"/>
  <testcase name="Wrongpassword" time="0.915" classname="com.TestExecution.LoginPage"/>
  <testcase name="Firstexecution" classname="com.TestExecution.Baseclass">
    <skipped/>
  </testcase> <!-- Firstexecution -->
</testsuite> <!-- com.TestExecution.LoginPage -->
